<?xml version="1.0" encoding="UTF-8"?>
<testng-results skipped="0" failed="0" total="1" passed="1">
  <reporter-output>
  </reporter-output>
  <suite name="test.java.DriverScriptTest" duration-ms="54516" started-at="2015-12-23T18:09:01Z" finished-at="2015-12-23T18:09:55Z">
    <groups>
    </groups>
    <test name="Command line test" duration-ms="54516" started-at="2015-12-23T18:09:01Z" finished-at="2015-12-23T18:09:55Z">
      <class name="test.java.DriverScriptTest">
        <test-method status="PASS" signature="beforeMethod()" name="beforeMethod" is-config="true" duration-ms="75" started-at="2015-12-23T18:09:01Z" finished-at="2015-12-23T18:09:01Z">
        </test-method>
        <test-method status="PASS" signature="Test()" name="Test" duration-ms="54430" started-at="2015-12-23T18:09:01Z" finished-at="2015-12-23T18:09:55Z">
        </test-method>
      </class>
    </test>
  </suite>
</testng-results>
